<?xml version="1.0" encoding="UTF-8"?>
<testng-results skipped="0" failed="0" ignored="0" total="0" passed="0">
  <reporter-output>
  </reporter-output>
  <suite name="Default suite" duration-ms="308" started-at="2021-07-02T22:11:20 CDT" finished-at="2021-07-02T22:11:20 CDT">
    <groups>
      <group name="cucumber">
        <method signature="AbstractTestNGCucumberTests.feature(cucumber.api.testng.CucumberFeatureWrapper)[pri:0, instance:TestRunneeeeerrr.TestRunnerrrrrrrrrr@34c4973]" name="feature" class="cucumber.api.testng.AbstractTestNGCucumberTests"/>
      </group> <!-- cucumber -->
    </groups>
    <test name="Default test" duration-ms="308" started-at="2021-07-02T22:11:20 CDT" finished-at="2021-07-02T22:11:20 CDT">
      <class name="TestRunneeeeerrr.TestRunnerrrrrrrrrr">
        <test-method status="PASS" signature="setUpClass()[pri:0, instance:TestRunneeeeerrr.TestRunnerrrrrrrrrr@34c4973]" name="setUpClass" is-config="true" duration-ms="202" started-at="2021-07-02T22:11:20 CDT" finished-at="2021-07-02T22:11:20 CDT">
          <reporter-output>
          </reporter-output>
        </test-method> <!-- setUpClass -->
        <test-method status="PASS" signature="tearDownClass()[pri:0, instance:TestRunneeeeerrr.TestRunnerrrrrrrrrr@34c4973]" name="tearDownClass" is-config="true" duration-ms="12" started-at="2021-07-02T22:11:20 CDT" finished-at="2021-07-02T22:11:20 CDT">
          <reporter-output>
          </reporter-output>
        </test-method> <!-- tearDownClass -->
      </class> <!-- TestRunneeeeerrr.TestRunnerrrrrrrrrr -->
    </test> <!-- Default test -->
  </suite> <!-- Default suite -->
</testng-results>
